

***********************************************************************
Fatal NI connect error 12500, connecting to:
 (DESCRIPTION=(ADDRESS=(PROTOCOL=TCP)(HOST=10.100.10.232)(PORT=1521))(CONNECT_DATA=(SERVICE_NAME=applus)(CID=(PROGRAM=C:\APPLUS\DESARROLLO STARTEAM\EN DESARROLLOS\Demonios\DEMONIO - turnos - Ecuador\DEMONIO\EXPORTAR.exe)(HOST=SIST-133)(USER=lsuarez))))

  VERSION INFORMATION:
	TNS for 32-bit Windows: Version 9.2.0.1.0 - Production
	Windows NT TCP/IP NT Protocol Adapter for 32-bit Windows: Version 9.2.0.1.0 - Production
  Time: 08-AUG-2018 12:46:51
  Tracing not turned on.
  Tns error struct:
    nr err code: 0
    ns main err code: 12564
    TNS-12564: TNS:connection refused
    ns secondary err code: 0
    nt main err code: 0
    nt secondary err code: 0
    nt OS err code: 0


***********************************************************************
Fatal NI connect error 12500, connecting to:
 (DESCRIPTION=(ADDRESS=(PROTOCOL=TCP)(HOST=10.100.10.232)(PORT=1521))(CONNECT_DATA=(SERVICE_NAME=applus)(CID=(PROGRAM=C:\APPLUS\DESARROLLO STARTEAM\EN DESARROLLOS\Demonios\DEMONIO - turnos - Ecuador\DEMONIO\EXPORTAR.exe)(HOST=SIST-133)(USER=lsuarez))))

  VERSION INFORMATION:
	TNS for 32-bit Windows: Version 9.2.0.1.0 - Production
	Windows NT TCP/IP NT Protocol Adapter for 32-bit Windows: Version 9.2.0.1.0 - Production
  Time: 08-AUG-2018 12:46:54
  Tracing not turned on.
  Tns error struct:
    nr err code: 0
    ns main err code: 12564
    TNS-12564: TNS:connection refused
    ns secondary err code: 0
    nt main err code: 0
    nt secondary err code: 0
    nt OS err code: 0
