

***********************************************************************
Fatal NI connect error 12535, connecting to:
 (DESCRIPTION=(ADDRESS=(PROTOCOL=TCP)(HOST=10.54.4.3)(PORT=1521))(CONNECT_DATA=(SERVICE_NAME=caba)(CID=(PROGRAM=C:\APPLUS\DESARROLLO STARTEAM\EN DESARROLLOS\CAPITAL FEDERAL\WS XML PAGOS\WebServices.exe)(HOST=SIST-128)(USER=mbien))))

  VERSION INFORMATION:
	TNS for 32-bit Windows: Version 9.2.0.1.0 - Production
	Windows NT TCP/IP NT Protocol Adapter for 32-bit Windows: Version 9.2.0.1.0 - Production
  Time: 16-ENE-2018 11:46:19
  Tracing not turned on.
  Tns error struct:
    nr err code: 0
    ns main err code: 12535
    TNS-12535: TNS:operation timed out
    ns secondary err code: 12560
    nt main err code: 505
    TNS-00505: Operation timed out
    nt secondary err code: 60
    nt OS err code: 0


***********************************************************************
Fatal NI connect error 12535, connecting to:
 (DESCRIPTION=(ADDRESS=(PROTOCOL=TCP)(HOST=10.54.4.3)(PORT=1521))(CONNECT_DATA=(SERVICE_NAME=caba)(CID=(PROGRAM=C:\APPLUS\DESARROLLO STARTEAM\EN DESARROLLOS\CAPITAL FEDERAL\WS XML PAGOS\WebServices.exe)(HOST=SIST-128)(USER=mbien))))

  VERSION INFORMATION:
	TNS for 32-bit Windows: Version 9.2.0.1.0 - Production
	Windows NT TCP/IP NT Protocol Adapter for 32-bit Windows: Version 9.2.0.1.0 - Production
  Time: 30-ENE-2018 17:27:02
  Tracing not turned on.
  Tns error struct:
    nr err code: 0
    ns main err code: 12535
    TNS-12535: TNS:operation timed out
    ns secondary err code: 12560
    nt main err code: 505
    TNS-00505: Operation timed out
    nt secondary err code: 60
    nt OS err code: 0


***********************************************************************
Fatal NI connect error 12560, connecting to:
 (DESCRIPTION=(ADDRESS=(PROTOCOL=TCP)(HOST=10.54.4.3)(PORT=1521))(CONNECT_DATA=(SERVICE_NAME=caba)(CID=(PROGRAM=C:\APPLUS\DESARROLLO STARTEAM\EN DESARROLLOS\CAPITAL FEDERAL\WS XML PAGOS\WebServices.exe)(HOST=SIST-128)(USER=mbien))))

  VERSION INFORMATION:
	TNS for 32-bit Windows: Version 9.2.0.1.0 - Production
	Windows NT TCP/IP NT Protocol Adapter for 32-bit Windows: Version 9.2.0.1.0 - Production
  Time: 20-FEB-2018 11:28:51
  Tracing not turned on.
  Tns error struct:
    nr err code: 0
    ns main err code: 12560
    TNS-12560: TNS:protocol adapter error
    ns secondary err code: 0
    nt main err code: 538
    TNS-00538: Message 538 not found;  product=NETWORK; facility=TNS

    nt secondary err code: 65
    nt OS err code: 0
