

***********************************************************************
Fatal OSN connect error 12203, connecting to:
 (DESCRIPTION=(CONNECT_DATA=(SID=ORCL)(CID=(PROGRAM=Stock2002.exe)(HOST=Windows NT PC)(USER=Administrador)))(ADDRESS_LIST=(ADDRESS=(PROTOCOL=ipc)(KEY=SERVER-ORA.world))(ADDRESS=(COMMUNITY=tcp.world)(PROTOCOL=TCP)(Host=SERVER-ORA)(Port=1521))(ADDRESS=(COMMUNITY=tcp.world)(PROTOCOL=TCP)(Host=SERVER-ORA)(Port=1526))))

  VERSION INFORMATION:
	TNS for 32-bit Windows: Version 2.3.2.1.0 - Production
	Windows NT TCP/IP NT Protocol Adapter for 32-bit Windows: Version 2.3.2.1.3 - Production
  Time: 19-MAY-04 14:54:42
  Tracing not turned on.
  Tns error struct:
    nr err code: 12203
    TNS-12203: TNS:no se puede conectar con el destino
    ns main err code: 12541
    TNS-12541: TNS:no hay ningún receptor
    ns secondary err code: 12560
    nt main err code: 511
    TNS-00511: No hay receptor
    nt secondary err code: 61
    nt OS err code: 0


***********************************************************************
Fatal OSN connect error 12203, connecting to:
 (DESCRIPTION=(CONNECT_DATA=(SID=ORCL)(CID=(PROGRAM=Stock2002.exe)(HOST=Windows NT PC)(USER=Administrador)))(ADDRESS_LIST=(ADDRESS=(PROTOCOL=ipc)(KEY=SERVER-ORA.world))(ADDRESS=(COMMUNITY=tcp.world)(PROTOCOL=TCP)(Host=SERVER-ORA)(Port=1521))(ADDRESS=(COMMUNITY=tcp.world)(PROTOCOL=TCP)(Host=SERVER-ORA)(Port=1526))))

  VERSION INFORMATION:
	TNS for 32-bit Windows: Version 2.3.2.1.0 - Production
	Windows NT TCP/IP NT Protocol Adapter for 32-bit Windows: Version 2.3.2.1.3 - Production
  Time: 19-MAY-04 14:55:48
  Tracing not turned on.
  Tns error struct:
    nr err code: 12203
    TNS-12203: TNS:no se puede conectar con el destino
    ns main err code: 12541
    TNS-12541: TNS:no hay ningún receptor
    ns secondary err code: 12560
    nt main err code: 511
    TNS-00511: No hay receptor
    nt secondary err code: 61
    nt OS err code: 0


***********************************************************************
Fatal OSN connect error 12203, connecting to:
 (DESCRIPTION=(ADDRESS_LIST=(ADDRESS=(COMMUNITY=tcp.world)(PROTOCOL=TCP)(Host=SERVER-ORA)(Port=1521))(ADDRESS=(COMMUNITY=tcp.world)(PROTOCOL=TCP)(Host=SERVER-ORA)(Port=1526)))(CONNECT_DATA=(SID=ORCL)(CID=(PROGRAM=Stock2002.exe)(HOST=LACHETTA)(USER=lachetta))))

  VERSION INFORMATION:
	TNS for 32-bit Windows: Version 2.3.4.0.0 - Production
	Windows NT TCP/IP NT Protocol Adapter for 32-bit Windows: Version 2.3.4.0.0 - Production
  Time: 19-ABR-05 18:59:03
  Tracing not turned on.
  Tns error struct:
    nr err code: 12203
    TNS-12203: TNS:no se puede conectar con el destino
    ns main err code: 12541
    TNS-12541: TNS:no hay ningún listener
    ns secondary err code: 12560
    nt main err code: 511
    TNS-00511: No hay listener
    nt secondary err code: 61
    nt OS err code: 0


***********************************************************************
Fatal OSN connect error 12547, connecting to:
 (DESCRIPTION=(ADDRESS_LIST=(ADDRESS=(PROTOCOL=BEQ)(PROGRAM=oracle80)(ARGV0=oracle80ORCL)(ARGS='(DESCRIPTION=(LOCAL=YES)(ADDRESS=(PROTOCOL=beq)))')))(CONNECT_DATA=(SID=ORCL)(CID=(PROGRAM=Stock2002.exe)(HOST=LACHETTA)(USER=lachetta))))

  VERSION INFORMATION:
	TNS for 32-bit Windows: Version 2.3.4.0.0 - Production
	Oracle Bequeath NT Protocol Adapter for 32-bit Windows: Version 2.3.4.0.0 - Production
  Time: 19-ABR-05 18:59:03
  Tracing not turned on.
  Tns error struct:
    nr err code: 12206
    TNS-12206: TNS:recibido un error de TNS durante la navegación
    ns main err code: 12547
    TNS-12547: TNS:contacto perdido
    ns secondary err code: 12560
    nt main err code: 517
    TNS-00517: Contacto perdido
    nt secondary err code: 0
    nt OS err code: 0


***********************************************************************
Fatal OSN connect error 12203, connecting to:
 (DESCRIPTION=(ADDRESS_LIST=(ADDRESS=(COMMUNITY=tcp.world)(PROTOCOL=TCP)(Host=SERVER-ORA)(Port=1521))(ADDRESS=(COMMUNITY=tcp.world)(PROTOCOL=TCP)(Host=SERVER-ORA)(Port=1526)))(CONNECT_DATA=(SID=ORCL)(CID=(PROGRAM=Stock2002.exe)(HOST=LACHETTA)(USER=lachetta))))

  VERSION INFORMATION:
	TNS for 32-bit Windows: Version 2.3.4.0.0 - Production
	Windows NT TCP/IP NT Protocol Adapter for 32-bit Windows: Version 2.3.4.0.0 - Production
  Time: 19-ABR-05 18:59:10
  Tracing not turned on.
  Tns error struct:
    nr err code: 12203
    TNS-12203: TNS:no se puede conectar con el destino
    ns main err code: 12541
    TNS-12541: TNS:no hay ningún listener
    ns secondary err code: 12560
    nt main err code: 511
    TNS-00511: No hay listener
    nt secondary err code: 61
    nt OS err code: 0


***********************************************************************
Fatal OSN connect error 12547, connecting to:
 (DESCRIPTION=(ADDRESS_LIST=(ADDRESS=(PROTOCOL=BEQ)(PROGRAM=oracle80)(ARGV0=oracle80ORCL)(ARGS='(DESCRIPTION=(LOCAL=YES)(ADDRESS=(PROTOCOL=beq)))')))(CONNECT_DATA=(SID=ORCL)(CID=(PROGRAM=Stock2002.exe)(HOST=LACHETTA)(USER=lachetta))))

  VERSION INFORMATION:
	TNS for 32-bit Windows: Version 2.3.4.0.0 - Production
	Oracle Bequeath NT Protocol Adapter for 32-bit Windows: Version 2.3.4.0.0 - Production
  Time: 19-ABR-05 18:59:10
  Tracing not turned on.
  Tns error struct:
    nr err code: 12206
    TNS-12206: TNS:recibido un error de TNS durante la navegación
    ns main err code: 12547
    TNS-12547: TNS:contacto perdido
    ns secondary err code: 12560
    nt main err code: 517
    TNS-00517: Contacto perdido
    nt secondary err code: 0
    nt OS err code: 0


***********************************************************************
Fatal OSN connect error 12500, connecting to:
 (DESCRIPTION=(ADDRESS_LIST=(ADDRESS=(COMMUNITY=tcp.world)(PROTOCOL=TCP)(Host=server-ora)(Port=1521))(ADDRESS=(COMMUNITY=tcp.world)(PROTOCOL=TCP)(Host=server-ora)(Port=1526)))(CONNECT_DATA=(SID=ORCL)(CID=(PROGRAM=Stock2002.exe)(HOST=RNESTARES)(USER=Administrador))))

  VERSION INFORMATION:
	TNS for 32-bit Windows: Version 2.3.4.0.0 - Production
	Windows NT TCP/IP NT Protocol Adapter for 32-bit Windows: Version 2.3.4.0.0 - Production
  Time: 27-ABR-05 16:53:05
  Tracing not turned on.
  Tns error struct:
    nr err code: 12204
    TNS-12204: TNS:una aplicación ha rechazado los datos recibidos
    ns main err code: 12564
    TNS-12564: TNS:conexión rechazada
    ns secondary err code: 0
    nt main err code: 0
    nt secondary err code: 0
    nt OS err code: 0


***********************************************************************
Fatal OSN connect error 12547, connecting to:
 (DESCRIPTION=(ADDRESS_LIST=(ADDRESS=(PROTOCOL=BEQ)(PROGRAM=oracle80)(ARGV0=oracle80ORCL)(ARGS='(DESCRIPTION=(LOCAL=YES)(ADDRESS=(PROTOCOL=beq)))')))(CONNECT_DATA=(SID=ORCL)(CID=(PROGRAM=Stock2002.exe)(HOST=RNESTARES)(USER=Administrador))))

  VERSION INFORMATION:
	TNS for 32-bit Windows: Version 2.3.4.0.0 - Production
	Oracle Bequeath NT Protocol Adapter for 32-bit Windows: Version 2.3.4.0.0 - Production
  Time: 27-ABR-05 16:53:06
  Tracing not turned on.
  Tns error struct:
    nr err code: 12206
    TNS-12206: TNS:recibido un error de TNS durante la navegación
    ns main err code: 12547
    TNS-12547: TNS:contacto perdido
    ns secondary err code: 12560
    nt main err code: 517
    TNS-00517: Contacto perdido
    nt secondary err code: 0
    nt OS err code: 0


***********************************************************************
Fatal OSN connect error 12547, connecting to:
 (DESCRIPTION=(ADDRESS_LIST=(ADDRESS=(PROTOCOL=BEQ)(PROGRAM=oracle80)(ARGV0=oracle80ORCL)(ARGS='(DESCRIPTION=(LOCAL=YES)(ADDRESS=(PROTOCOL=beq)))')))(CONNECT_DATA=(SID=ORCL)(CID=(PROGRAM=Stock2002.exe)(HOST=RNESTARES)(USER=Administrador))))

  VERSION INFORMATION:
	TNS for 32-bit Windows: Version 2.3.4.0.0 - Production
	Oracle Bequeath NT Protocol Adapter for 32-bit Windows: Version 2.3.4.0.0 - Production
  Time: 27-ABR-05 17:10:11
  Tracing not turned on.
  Tns error struct:
    nr err code: 12206
    TNS-12206: TNS:recibido un error de TNS durante la navegación
    ns main err code: 12547
    TNS-12547: TNS:contacto perdido
    ns secondary err code: 12560
    nt main err code: 517
    TNS-00517: Contacto perdido
    nt secondary err code: 0
    nt OS err code: 0


***********************************************************************
Fatal OSN connect error 12547, connecting to:
 (DESCRIPTION=(ADDRESS_LIST=(ADDRESS=(PROTOCOL=BEQ)(PROGRAM=oracle80)(ARGV0=oracle80ORCL)(ARGS='(DESCRIPTION=(LOCAL=YES)(ADDRESS=(PROTOCOL=beq)))')))(CONNECT_DATA=(SID=ORCL)(CID=(PROGRAM=Stock2002.exe)(HOST=RNESTARES)(USER=Administrador))))

  VERSION INFORMATION:
	TNS for 32-bit Windows: Version 2.3.4.0.0 - Production
	Oracle Bequeath NT Protocol Adapter for 32-bit Windows: Version 2.3.4.0.0 - Production
  Time: 27-ABR-05 17:10:18
  Tracing not turned on.
  Tns error struct:
    nr err code: 12206
    TNS-12206: TNS:recibido un error de TNS durante la navegación
    ns main err code: 12547
    TNS-12547: TNS:contacto perdido
    ns secondary err code: 12560
    nt main err code: 517
    TNS-00517: Contacto perdido
    nt secondary err code: 0
    nt OS err code: 0


***********************************************************************
Fatal OSN connect error 12547, connecting to:
 (DESCRIPTION=(ADDRESS_LIST=(ADDRESS=(PROTOCOL=BEQ)(PROGRAM=oracle80)(ARGV0=oracle80ORCL)(ARGS='(DESCRIPTION=(LOCAL=YES)(ADDRESS=(PROTOCOL=beq)))')))(CONNECT_DATA=(SID=ORCL)(CID=(PROGRAM=Stock2002.exe)(HOST=RNESTARES)(USER=Administrador))))

  VERSION INFORMATION:
	TNS for 32-bit Windows: Version 2.3.4.0.0 - Production
	Oracle Bequeath NT Protocol Adapter for 32-bit Windows: Version 2.3.4.0.0 - Production
  Time: 27-ABR-05 17:10:26
  Tracing not turned on.
  Tns error struct:
    nr err code: 12206
    TNS-12206: TNS:recibido un error de TNS durante la navegación
    ns main err code: 12547
    TNS-12547: TNS:contacto perdido
    ns secondary err code: 12560
    nt main err code: 517
    TNS-00517: Contacto perdido
    nt secondary err code: 0
    nt OS err code: 0


***********************************************************************
Fatal OSN connect error 12547, connecting to:
 (DESCRIPTION=(ADDRESS_LIST=(ADDRESS=(PROTOCOL=BEQ)(PROGRAM=oracle80)(ARGV0=oracle80ORCL)(ARGS='(DESCRIPTION=(LOCAL=YES)(ADDRESS=(PROTOCOL=beq)))')))(CONNECT_DATA=(SID=ORCL)(CID=(PROGRAM=Stock2002.exe)(HOST=RNESTARES)(USER=Administrador))))

  VERSION INFORMATION:
	TNS for 32-bit Windows: Version 2.3.4.0.0 - Production
	Oracle Bequeath NT Protocol Adapter for 32-bit Windows: Version 2.3.4.0.0 - Production
  Time: 27-ABR-05 17:10:29
  Tracing not turned on.
  Tns error struct:
    nr err code: 12206
    TNS-12206: TNS:recibido un error de TNS durante la navegación
    ns main err code: 12547
    TNS-12547: TNS:contacto perdido
    ns secondary err code: 12560
    nt main err code: 517
    TNS-00517: Contacto perdido
    nt secondary err code: 0
    nt OS err code: 0


***********************************************************************
Fatal OSN connect error 12547, connecting to:
 (DESCRIPTION=(ADDRESS_LIST=(ADDRESS=(PROTOCOL=BEQ)(PROGRAM=oracle80)(ARGV0=oracle80ORCL)(ARGS='(DESCRIPTION=(LOCAL=YES)(ADDRESS=(PROTOCOL=beq)))')))(CONNECT_DATA=(SID=ORCL)(CID=(PROGRAM=Stock2002.exe)(HOST=RNESTARES)(USER=Administrador))))

  VERSION INFORMATION:
	TNS for 32-bit Windows: Version 2.3.4.0.0 - Production
	Oracle Bequeath NT Protocol Adapter for 32-bit Windows: Version 2.3.4.0.0 - Production
  Time: 02-MAY-05 16:03:08
  Tracing not turned on.
  Tns error struct:
    nr err code: 12206
    TNS-12206: TNS:recibido un error de TNS durante la navegación
    ns main err code: 12547
    TNS-12547: TNS:contacto perdido
    ns secondary err code: 12560
    nt main err code: 517
    TNS-00517: Contacto perdido
    nt secondary err code: 0
    nt OS err code: 0


***********************************************************************
Fatal OSN connect error 12547, connecting to:
 (DESCRIPTION=(ADDRESS_LIST=(ADDRESS=(PROTOCOL=BEQ)(PROGRAM=oracle80)(ARGV0=oracle80ORCL)(ARGS='(DESCRIPTION=(LOCAL=YES)(ADDRESS=(PROTOCOL=beq)))')))(CONNECT_DATA=(SID=ORCL)(CID=(PROGRAM=Stock2002.exe)(HOST=RNESTARES)(USER=Administrador))))

  VERSION INFORMATION:
	TNS for 32-bit Windows: Version 2.3.4.0.0 - Production
	Oracle Bequeath NT Protocol Adapter for 32-bit Windows: Version 2.3.4.0.0 - Production
  Time: 02-MAY-05 16:03:26
  Tracing not turned on.
  Tns error struct:
    nr err code: 12206
    TNS-12206: TNS:recibido un error de TNS durante la navegación
    ns main err code: 12547
    TNS-12547: TNS:contacto perdido
    ns secondary err code: 12560
    nt main err code: 517
    TNS-00517: Contacto perdido
    nt secondary err code: 0
    nt OS err code: 0


***********************************************************************
Fatal NI connect error 12535, connecting to:
 (DESCRIPTION=(ADDRESS=(PROTOCOL=TCP)(HOST=10.100.10.169)(PORT=1521))(CONNECT_DATA=(SERVICE_NAME=applusbd)(CID=(PROGRAM=C:\desarrollos_2008\StockNewIFCERT2010\Stock2010.exe)(HOST=ACHETTA)(USER=Administrador))))

  VERSION INFORMATION:
	TNS for 32-bit Windows: Version 9.2.0.1.0 - Production
	Windows NT TCP/IP NT Protocol Adapter for 32-bit Windows: Version 9.2.0.1.0 - Production
  Time: 05-MAR-2009 09:53:18
  Tracing not turned on.
  Tns error struct:
    nr err code: 0
    ns main err code: 12535
    TNS-12535: TNS:operation timed out
    ns secondary err code: 12560
    nt main err code: 505
    TNS-00505: Operation timed out
    nt secondary err code: 60
    nt OS err code: 0


***********************************************************************
Fatal NI connect error 12535, connecting to:
 (DESCRIPTION=(ADDRESS=(PROTOCOL=TCP)(HOST=10.100.10.169)(PORT=1521))(CONNECT_DATA=(SERVICE_NAME=applusbd)(CID=(PROGRAM=C:\desarrollos_2008\StockNewIFCERT2010\Stock2002.exe)(HOST=ACHETTA)(USER=Administrador))))

  VERSION INFORMATION:
	TNS for 32-bit Windows: Version 9.2.0.1.0 - Production
	Windows NT TCP/IP NT Protocol Adapter for 32-bit Windows: Version 9.2.0.1.0 - Production
  Time: 10-MAR-2009 10:37:43
  Tracing not turned on.
  Tns error struct:
    nr err code: 0
    ns main err code: 12535
    TNS-12535: TNS:operation timed out
    ns secondary err code: 12560
    nt main err code: 505
    TNS-00505: Operation timed out
    nt secondary err code: 60
    nt OS err code: 0
